Начало работы: 21.Апрель.2003 14:42:43
21.04.2003 14:42:43:484;0;FF 21 20 56 47 EF 03 
21.04.2003 14:42:43:515;1;FF 20 21 56 47 42 0A FE 2C 00 00 00 00 00 00 02 BB 05 01 50 00 98 03 ;OK
21.04.2003 14:42:43:546;0;FF 23 20 56 47 ED 03 
21.04.2003 14:42:43:578;1;FF 20 23 56 47 47 18 29 8B 44 5B 3D E8 00 00 18 CD 10 FC 02 50 00 5E 03 ;OK
21.04.2003 14:42:43:609;0;FF 24 20 56 47 EA 03 
21.04.2003 14:42:43:640;1;FF 20 24 56 47 47 0B 81 BD 44 24 01 2D 00 00 22 9B 10 FC 02 50 00 3E 03 ;OK
21.04.2003 14:42:43:671;0;FF 25 20 56 47 EB 03 
21.04.2003 14:42:43:703;1;FF 20 25 56 47 42 1F 26 D0 00 00 00 00 00 00 08 4C 0D 01 50 00 58 03 ;OK
----------------

21.04.2003 14:46:35:531;0;FF 21 20 56 47 EF 03 
21.04.2003 14:46:35:562;1;FF 20 21 56 47 42 0A FE 2C 00 00 00 00 00 00 02 BB 04 01 50 00 99 03 ;OK
21.04.2003 14:46:35:593;0;FF 23 20 56 47 ED 03 
21.04.2003 14:46:35:625;1;FF 20 23 56 47 47 27 43 74 00 00 00 00 00 00 1B 99 04 01 50 00 6D 03 ;OK
21.04.2003 14:46:35:656;0;FF 24 20 56 47 EA 03 
21.04.2003 14:46:35:687;1;FF 20 24 56 47 47 16 7B E5 00 00 00 00 00 00 25 63 04 01 50 00 36 03 ;OK
21.04.2003 14:46:35:718;0;FF 25 20 56 47 EB 03 
21.04.2003 14:46:35:750;1;FF 20 25 56 47 42 1F 26 D0 00 00 00 00 00 00 08 4C 0C 01 50 00 59 03 ;OK
21.04.2003 14:46:35:781;0;FF 26 20 56 47 E8 03 
21.04.2003 14:46:35:812;1;FF 20 26 56 47 47 5E F9 47 41 95 85 8A 00 00 26 FE 0A 02 50 00 14 03 ;OK
21.04.2003 14:46:35:843;0;FF 27 20 56 47 E9 03 
21.04.2003 14:46:35:875;1;FF 20 27 56 47 47 05 48 32 C2 21 35 E0 00 00 24 52 02 02 50 00 C1 03 ;OK
21.04.2003 14:46:35:906;0;FF 28 20 56 47 E6 03 
21.04.2003 14:46:35:937;1;FF 20 28 56 47 47 1D B2 46 C2 7D 9A 59 00 00 24 0E 10 FC 02 50 00 4F 03 ;OK
21.04.2003 14:46:35:968;0;FF 29 20 56 47 E7 03 
21.04.2003 14:46:36:000;1;FF 20 29 56 47 47 3F 3C D5 C2 24 29 77 00 00 25 B3 10 FC 02 50 00 09 03 ;OK
21.04.2003 14:46:36:031;0;FF 2A 20 56 47 E4 03 
21.04.2003 14:46:36:062;1;FF 20 2A 56 47 46 9A 01 FD C2 AB F0 13 00 00 24 CA 10 FC 02 50 00 F1 03 ;OK
21.04.2003 14:46:36:093;0;FF 2B 20 56 47 E5 03 
21.04.2003 14:46:36:125;1;FF 20 2B 56 47 47 97 C8 EF C2 37 E4 43 00 00 27 0D 10 FC 02 50 00 3B 03 ;OK
21.04.2003 14:46:36:156;0;FF 2C 20 56 47 E2 03 
21.04.2003 14:46:36:187;1;FF 20 2C 56 47 47 0C EA 20 40 86 5A B0 00 00 25 C9 02 02 50 00 F3 03 ;OK
21.04.2003 14:46:36:218;0;FF 2D 20 56 47 E3 03 
21.04.2003 14:46:36:250;1;FF 20 2D 56 47 00 00 00 00 00 00 00 00 00 00 00 00 04 01 50 00 B6 03 ;OK
21.04.2003 14:46:36:281;0;FF 2E 20 56 47 E0 03 
21.04.2003 14:46:36:312;1;FF 20 2E 56 47 47 48 1E 26 41 38 25 C4 00 00 26 C9 10 FC 02 50 00 F1 03 ;OK
Завершение работы: 21.Апрель.2003 14:46:36
